<?xml version="1.0" encoding="UTF-8"?>
<testsuite xmlns:xsi="http://www.w3.org/2001/XMLSchema-instance" xsi:noNamespaceSchemaLocation="https://maven.apache.org/surefire/maven-surefire-plugin/xsd/surefire-test-report-3.0.xsd" version="3.0" name="com.mjhportfolio.PortfoliomjhApplicationTests" time="3.669" tests="1" errors="0" skipped="0" failures="0">
  <properties>
[...]
</properties>
  <testcase name="contextLoads" classname="com.mjhportfolio.PortfoliomjhApplicationTests" time="0.781">
    <system-out><![CDATA[18:35:35.371 [main] INFO org.springframework.test.context.support.AnnotationConfigContextLoaderUtils -- Could not detect default configuration classes for test class [com.mjhportfolio.PortfoliomjhApplicationTests]: PortfoliomjhApplicationTests does not declare any static, non-private, non-final, nested classes annotated with @Configuration.
18:35:35.502 [main] INFO org.springframework.boot.test.context.SpringBootTestContextBootstrapper -- Found @SpringBootConfiguration com.mjhportfolio.PortfoliomjhApplication for test class com.mjhportfolio.PortfoliomjhApplicationTests
18:35:35.687 [main] INFO org.springframework.boot.devtools.restart.RestartApplicationListener -- Restart disabled due to context in which it is running

  .   ____          _            __ _ _
 /\\ / ___'_ __ _ _(_)_ __  __ _ \ \ \ \
( ( )\___ | '_ | '_| | '_ \/ _` | \ \ \ \
 \\/  ___)| |_)| | | | | || (_| |  ) ) ) )
  '  |____| .__|_| |_|_| |_\__, | / / / /
 =========|_|==============|___/=/_/_/_/
 :: Spring Boot ::                (v3.2.2)

2024-02-13T18:35:35.973-03:00  INFO 11560 --- [           main] c.m.PortfoliomjhApplicationTests         : Starting PortfoliomjhApplicationTests using Java 19.0.2 with PID 11560 (started by Joaquin-Herrero in C:\Users\joako\OneDrive\Escritorio\Futuro\Desarrollo Web\Proyectos\personales\Portfolio\Backend)
2024-02-13T18:35:35.975-03:00  INFO 11560 --- [           main] c.m.PortfoliomjhApplicationTests         : No active profile set, falling back to 1 default profile: "default"
2024-02-13T18:35:36.920-03:00  WARN 11560 --- [           main] trationDelegate$BeanPostProcessorChecker : Bean 'org.springframework.ws.config.annotation.DelegatingWsConfiguration' of type [org.springframework.ws.config.annotation.DelegatingWsConfiguration$$SpringCGLIB$$0] is not eligible for getting processed by all BeanPostProcessors (for example: not eligible for auto-proxying). The currently created BeanPostProcessor [annotationActionEndpointMapping] is declared through a non-static factory method on that class; consider declaring it as static instead.
2024-02-13T18:35:36.948-03:00  INFO 11560 --- [           main] .w.s.a.s.AnnotationActionEndpointMapping : Supporting [WS-Addressing August 2004, WS-Addressing 1.0]
2024-02-13T18:35:37.201-03:00  WARN 11560 --- [           main] .s.s.UserDetailsServiceAutoConfiguration : 

Using generated security password: a9798703-05d2-4568-a480-cd713c31365c

This generated password is for development use only. Your security configuration must be updated before running your application in production.

Setting up CORS configuration...
2024-02-13T18:35:37.653-03:00  INFO 11560 --- [           main] o.s.s.web.DefaultSecurityFilterChain     : Will secure any request with [org.springframework.security.web.session.DisableEncodeUrlFilter@45e6d1e0, org.springframework.security.web.context.request.async.WebAsyncManagerIntegrationFilter@61db86bf, org.springframework.security.web.context.SecurityContextHolderFilter@5d152bcd, org.springframework.security.web.header.HeaderWriterFilter@413bef78, org.springframework.web.filter.CorsFilter@4da1f38a, org.springframework.security.web.authentication.logout.LogoutFilter@5a058be5, org.springframework.security.web.savedrequest.RequestCacheAwareFilter@6435fa1c, org.springframework.security.web.servletapi.SecurityContextHolderAwareRequestFilter@7944b8b4, org.springframework.security.web.authentication.AnonymousAuthenticationFilter@3e377967, org.springframework.security.web.access.ExceptionTranslationFilter@2d2b6960, org.springframework.security.web.access.intercept.AuthorizationFilter@51efb731]
2024-02-13T18:35:38.084-03:00  INFO 11560 --- [           main] c.m.PortfoliomjhApplicationTests         : Started PortfoliomjhApplicationTests in 2.408 seconds (process running for 3.536)
]]></system-out>
  </testcase>
</testsuite>